<?xml version="1.0" encoding="UTF-8"?>
<!-- Generated by org.testng.reporters.JUnitReportReporter -->
<testsuite hostname="LAPTOP-52IM29O2" failures="0" tests="1" name="com.comcast.CRUDpractice.createproject" time="8.954" errors="0" timestamp="2021-05-27T13:34:13 IST" skipped="0">
  <testcase classname="com.comcast.CRUDpractice.createproject" name="createproject" time="8.954"/>
  <system-out/>
</testsuite> <!-- com.comcast.CRUDpractice.createproject -->
