<?xml version="1.0" encoding="UTF-8"?>
<!-- Generated by org.testng.reporters.JUnitReportReporter -->
<testsuite hostname="LAPTOP-52IM29O2" failures="0" tests="1" name="com.comcast.CRUDpractice.getsingleproject" time="2.899" errors="0" timestamp="2021-05-27T16:50:58 IST" skipped="0">
  <testcase classname="com.comcast.CRUDpractice.getsingleproject" name="getsingleproject" time="2.899"/>
  <system-out/>
</testsuite> <!-- com.comcast.CRUDpractice.getsingleproject -->
