<?xml version="1.0" encoding="UTF-8"?>
<!-- Generated by org.testng.reporters.JUnitReportReporter -->
<testsuite hostname="LAPTOP-52IM29O2" failures="0" tests="1" name="com.comcast.CRUDpractice.Queryparameter" time="10.079" errors="0" timestamp="2021-05-27T12:30:27 IST" skipped="0">
  <testcase classname="com.comcast.CRUDpractice.Queryparameter" name="queryparameter" time="10.079"/>
  <system-out/>
</testsuite> <!-- com.comcast.CRUDpractice.Queryparameter -->
