<?xml version="1.0" encoding="UTF-8"?>
<!-- Generated by org.testng.reporters.JUnitReportReporter -->
<testsuite hostname="LAPTOP-52IM29O2" failures="0" tests="1" name="com.comcast.CRUDpractice.Basicauth" time="3.018" errors="0" timestamp="2021-05-27T18:26:33 IST" skipped="0">
  <testcase classname="com.comcast.CRUDpractice.Basicauth" name="basicauth" time="3.018"/>
  <system-out/>
</testsuite> <!-- com.comcast.CRUDpractice.Basicauth -->
