<?xml version="1.0" encoding="UTF-8"?>
<!-- Generated by org.testng.reporters.JUnitReportReporter -->
<testsuite hostname="LAPTOP-52IM29O2" failures="0" tests="1" name="com.comcast.CRUDpractice.Explicitserialization" time="12.870" errors="0" timestamp="2021-06-04T00:33:29 IST" skipped="0">
  <testcase classname="com.comcast.CRUDpractice.Explicitserialization" name="explicitserialization" time="12.870"/>
  <system-out/>
</testsuite> <!-- com.comcast.CRUDpractice.Explicitserialization -->
