<?xml version="1.0" encoding="UTF-8"?>
<!-- Generated by org.testng.reporters.JUnitReportReporter -->
<testsuite hostname="LAPTOP-52IM29O2" failures="0" tests="1" name="com.comcast.CRUDpractice.Timevalidation" time="3.269" errors="0" timestamp="2021-06-04T01:37:43 IST" skipped="0">
  <testcase classname="com.comcast.CRUDpractice.Timevalidation" name="timevalidation" time="3.269"/>
  <system-out/>
</testsuite> <!-- com.comcast.CRUDpractice.Timevalidation -->
