<?xml version="1.0" encoding="UTF-8"?>
<!-- Generated by org.testng.reporters.JUnitReportReporter -->
<testsuite hostname="LAPTOP-52IM29O2" failures="0" tests="5" name="com.comcast.CRUDpractice.createmultipleprojectusingPojo" time="6.612" errors="0" timestamp="2021-05-27T00:23:32 IST" skipped="0">
  <testcase classname="com.comcast.CRUDpractice.createmultipleprojectusingPojo" name="createmultipleprojects" time="1.585"/>
  <system-out/>
  <testcase classname="com.comcast.CRUDpractice.createmultipleprojectusingPojo" name="createmultipleprojects" time="0.660"/>
  <system-out/>
  <testcase classname="com.comcast.CRUDpractice.createmultipleprojectusingPojo" name="createmultipleprojects" time="0.126"/>
  <system-out/>
  <testcase classname="com.comcast.CRUDpractice.createmultipleprojectusingPojo" name="createmultipleprojects" time="0.320"/>
  <system-out/>
  <testcase classname="com.comcast.CRUDpractice.createmultipleprojectusingPojo" name="createmultipleprojects" time="3.921"/>
  <system-out/>
</testsuite> <!-- com.comcast.CRUDpractice.createmultipleprojectusingPojo -->
