<?xml version="1.0" encoding="UTF-8"?>
<!-- Generated by org.testng.reporters.JUnitReportReporter -->
<testsuite hostname="LAPTOP-52IM29O2" failures="0" tests="1" name="com.comcast.CRUDpractice.createaproject" time="3.137" errors="0" timestamp="2021-05-25T17:32:37 IST" skipped="0">
  <testcase classname="com.comcast.CRUDpractice.createaproject" name="createproject" time="3.137"/>
  <system-out/>
</testsuite> <!-- com.comcast.CRUDpractice.createaproject -->
