<?xml version="1.0" encoding="UTF-8"?>
<!-- Generated by org.testng.reporters.JUnitReportReporter -->
<testsuite hostname="LAPTOP-52IM29O2" failures="0" tests="1" name="com.comcast.CRUDpractice.createprojectusingjsonfile" time="26.708" errors="0" timestamp="2021-05-26T22:52:12 IST" skipped="0">
  <testcase classname="com.comcast.CRUDpractice.createprojectusingjsonfile" name="createproject" time="26.708"/>
  <system-out/>
</testsuite> <!-- com.comcast.CRUDpractice.createprojectusingjsonfile -->
