<?xml version="1.0" encoding="UTF-8"?>
<!-- Generated by org.testng.reporters.JUnitReportReporter -->
<testsuite hostname="LAPTOP-52IM29O2" failures="0" tests="1" name="com.comcast.CRUDpractice.BodyAuthentication" time="4.123" errors="0" timestamp="2021-06-04T01:09:32 IST" skipped="0">
  <testcase classname="com.comcast.CRUDpractice.BodyAuthentication" name="bodyauthentication" time="4.123"/>
  <system-out/>
</testsuite> <!-- com.comcast.CRUDpractice.BodyAuthentication -->
