<?xml version="1.0" encoding="UTF-8"?>
<!-- Generated by org.testng.reporters.JUnitReportReporter -->
<testsuite hostname="LAPTOP-52IM29O2" failures="0" tests="1" name="com.comcast.CRUDpractice.Validateastaticresponse" time="7.130" errors="0" timestamp="2021-05-27T17:40:04 IST" skipped="0">
  <testcase classname="com.comcast.CRUDpractice.Validateastaticresponse" name="validatestaticresponse" time="7.130"/>
  <system-out/>
</testsuite> <!-- com.comcast.CRUDpractice.Validateastaticresponse -->
