<?xml version="1.0" encoding="UTF-8"?>
<!-- Generated by org.testng.reporters.JUnitReportReporter -->
<testsuite hostname="LAPTOP-52IM29O2" failures="0" tests="1" name="com.comcast.CRUDpractice.updateproject" time="3.036" errors="0" timestamp="2021-05-25T22:22:20 IST" skipped="0">
  <testcase classname="com.comcast.CRUDpractice.updateproject" name="updateproject" time="3.036"/>
  <system-out/>
</testsuite> <!-- com.comcast.CRUDpractice.updateproject -->
