<?xml version="1.0" encoding="UTF-8"?>
<!-- Generated by org.testng.reporters.JUnitReportReporter -->
<testsuite hostname="LAPTOP-52IM29O2" failures="0" tests="1" name="com.comcast.CRUDpractice.Requestchaining" time="6.613" errors="0" timestamp="2021-05-27T20:59:58 IST" skipped="0">
  <testcase classname="com.comcast.CRUDpractice.Requestchaining" name="requestchaining" time="6.613"/>
  <system-out/>
</testsuite> <!-- com.comcast.CRUDpractice.Requestchaining -->
