<?xml version="1.0" encoding="UTF-8"?>
<!-- Generated by org.testng.reporters.JUnitReportReporter -->
<testsuite hostname="LAPTOP-52IM29O2" failures="0" tests="1" name="com.comcast.CRUDpractice.getallprojects" time="2.809" errors="0" timestamp="2021-05-27T16:48:41 IST" skipped="0">
  <testcase classname="com.comcast.CRUDpractice.getallprojects" name="getallprojects" time="2.809"/>
  <system-out/>
</testsuite> <!-- com.comcast.CRUDpractice.getallprojects -->
