<?xml version="1.0" encoding="UTF-8"?>
<!-- Generated by org.testng.reporters.JUnitReportReporter -->
<testsuite hostname="LAPTOP-52IM29O2" failures="0" tests="1" name="com.comcast.CRUDpractice.createprojectusingPojo" time="3.232" errors="0" timestamp="2021-05-27T00:37:30 IST" skipped="0">
  <testcase classname="com.comcast.CRUDpractice.createprojectusingPojo" name="createprojectwithPojo" time="3.232"/>
  <system-out/>
</testsuite> <!-- com.comcast.CRUDpractice.createprojectusingPojo -->
