<?xml version="1.0" encoding="UTF-8"?>
<!-- Generated by org.testng.reporters.JUnitReportReporter -->
<testsuite hostname="LAPTOP-52IM29O2" failures="0" tests="1" name="com.comcast.CRUDpractice.Validatedynamicresponse" time="4.799" errors="0" timestamp="2021-05-27T18:00:04 IST" skipped="0">
  <testcase classname="com.comcast.CRUDpractice.Validatedynamicresponse" name="validatedynamicresponse" time="4.799"/>
  <system-out/>
</testsuite> <!-- com.comcast.CRUDpractice.Validatedynamicresponse -->
